<?xml version="1.0" encoding="UTF-8"?>
<!-- Generated by org.testng.reporters.JUnitXMLReporter -->
<testsuite ignored="0" hostname="DESKTOP-7QAV7JE" failures="1" tests="3" name="Test" time="0.17" errors="0" timestamp="2025-12-18T14:38:45 IST">
  <testcase classname="testingPackage.TestingClass" name="testOne" time="0.026"/>
  <testcase classname="testingPackage.TestingClass" name="testThree" time="0.004"/>
  <testcase classname="testingPackage.TestingClass" name="testTwo" time="0.008">
    <failure type="java.lang.AssertionError" message="Intentional failure for learning TestNG">
      <![CDATA[java.lang.AssertionError: Intentional failure for learning TestNG
at testingPackage.TestingClass.testTwo(TestingClass.java:25)
at java.base/java.util.ArrayList.forEach(ArrayList.java:1596)
... Removed 26 stack frames]]>
    </failure>
  </testcase> <!-- testTwo -->
</testsuite> <!-- Test -->
